<?xml version="1.0" encoding="UTF-8"?>
<!-- Generated by org.testng.reporters.JUnitXMLReporter -->
<testsuite ignored="0" hostname="DESKTOP-GFNEFC4" failures="0" tests="6" name="Default test" time="11.538" errors="0" timestamp="2024-04-13T10:26:33 IST">
  <testcase classname="com.qc.testng.test.RegisterTest" name="doRegister" time="1.136"/>
  <testcase classname="com.qc.testng.test.RegisterTest" name="doRegister" time="0.972"/>
  <testcase classname="com.qc.testng.test.RegisterTest" name="doRegister" time="0.853"/>
  <testcase classname="com.qc.testng.test.RegisterTest" name="doRegister" time="0.996"/>
  <testcase classname="com.qc.testng.test.RegisterTest" name="doRegister" time="1.049"/>
  <testcase classname="com.qc.testng.test.RegisterTest" name="doRegister" time="0.977"/>
</testsuite> <!-- Default test -->
