<?xml version="1.0" encoding="UTF-8"?>
<!-- Generated by org.testng.reporters.JUnitXMLReporter -->
<testsuite ignored="0" hostname="DESKTOP-GFNEFC4" failures="0" tests="7" name="Test" time="22.389" errors="0" timestamp="2024-04-12T16:33:49 IST">
  <testcase classname="com.qc.testng.test.LoginMVn" name="doLogin" time="0.358"/>
  <testcase classname="com.qc.testng.test.LoginMVn" name="doLogin" time="0.694"/>
  <testcase classname="com.qc.testng.test.LoginMVn" name="doLogin" time="0.578"/>
  <testcase classname="com.qc.testng.test.LoginMVn" name="doLogin" time="0.328"/>
  <testcase classname="com.qc.testng.test.LoginMVn" name="doLogin" time="0.484"/>
  <testcase classname="com.qc.testng.test.LoginMVn" name="doLogin" time="0.305"/>
  <testcase classname="com.qc.testng.test.LoginMVn" name="doLogin" time="0.595"/>
</testsuite> <!-- Test -->
