<?xml version="1.0" encoding="UTF-8"?>
<testng-results ignored="0" total="6" passed="6" failed="0" skipped="0">
  <reporter-output>
  </reporter-output>
  <suite started-at="2024-04-13T10:26:21 IST" name="Default suite" finished-at="2024-04-13T10:26:33 IST" duration-ms="11538">
    <groups>
    </groups>
    <test started-at="2024-04-13T10:26:21 IST" name="Default test" finished-at="2024-04-13T10:26:33 IST" duration-ms="11538">
      <class name="com.qc.testng.test.RegisterTest">
        <test-method is-config="true" signature="doSetup()[pri:0, instance:com.qc.testng.test.RegisterTest@3febb011]" started-at="2024-04-13T10:26:16 IST" name="doSetup" finished-at="2024-04-13T10:26:21 IST" duration-ms="5096" status="PASS">
          <reporter-output>
          </reporter-output>
        </test-method> <!-- doSetup -->
        <test-method is-config="true" signature="locateElement()[pri:0, instance:com.qc.testng.test.RegisterTest@3febb011]" started-at="2024-04-13T10:26:22 IST" name="locateElement" finished-at="2024-04-13T10:26:23 IST" duration-ms="1338" status="PASS">
          <reporter-output>
          </reporter-output>
        </test-method> <!-- locateElement -->
        <test-method signature="doRegister(java.lang.String,java.lang.String,java.lang.String,java.lang.String,java.lang.String)[pri:0, instance:com.qc.testng.test.RegisterTest@3febb011]" started-at="2024-04-13T10:26:23 IST" name="doRegister" data-provider="registerData" finished-at="2024-04-13T10:26:25 IST" duration-ms="1136" status="PASS">
          <params>
            <param index="0">
              <value>
                <![CDATA[All are Empty]]>
              </value>
            </param>
            <param index="1">
              <value>
                <![CDATA[]]>
              </value>
            </param>
            <param index="2">
              <value>
                <![CDATA[]]>
              </value>
            </param>
            <param index="3">
              <value>
                <![CDATA[]]>
              </value>
            </param>
            <param index="4">
              <value>
                <![CDATA[]]>
              </value>
            </param>
          </params>
          <reporter-output>
          </reporter-output>
        </test-method> <!-- doRegister -->
        <test-method is-config="true" signature="doAssert()[pri:0, instance:com.qc.testng.test.RegisterTest@3febb011]" started-at="2024-04-13T10:26:25 IST" name="doAssert" finished-at="2024-04-13T10:26:25 IST" duration-ms="29" status="PASS">
          <reporter-output>
          </reporter-output>
        </test-method> <!-- doAssert -->
        <test-method is-config="true" signature="locateElement()[pri:0, instance:com.qc.testng.test.RegisterTest@3febb011]" started-at="2024-04-13T10:26:25 IST" name="locateElement" finished-at="2024-04-13T10:26:25 IST" duration-ms="655" status="PASS">
          <reporter-output>
          </reporter-output>
        </test-method> <!-- locateElement -->
        <test-method signature="doRegister(java.lang.String,java.lang.String,java.lang.String,java.lang.String,java.lang.String)[pri:0, instance:com.qc.testng.test.RegisterTest@3febb011]" started-at="2024-04-13T10:26:25 IST" name="doRegister" data-provider="registerData" finished-at="2024-04-13T10:26:26 IST" duration-ms="972" status="PASS">
          <params>
            <param index="0">
              <value>
                <![CDATA[Name is Empty]]>
              </value>
            </param>
            <param index="1">
              <value>
                <![CDATA[]]>
              </value>
            </param>
            <param index="2">
              <value>
                <![CDATA[91454254]]>
              </value>
            </param>
            <param index="3">
              <value>
                <![CDATA[queue@gmail.com]]>
              </value>
            </param>
            <param index="4">
              <value>
                <![CDATA[123456]]>
              </value>
            </param>
          </params>
          <reporter-output>
          </reporter-output>
        </test-method> <!-- doRegister -->
        <test-method is-config="true" signature="doAssert()[pri:0, instance:com.qc.testng.test.RegisterTest@3febb011]" started-at="2024-04-13T10:26:26 IST" name="doAssert" finished-at="2024-04-13T10:26:26 IST" duration-ms="29" status="PASS">
          <reporter-output>
          </reporter-output>
        </test-method> <!-- doAssert -->
        <test-method is-config="true" signature="locateElement()[pri:0, instance:com.qc.testng.test.RegisterTest@3febb011]" started-at="2024-04-13T10:26:26 IST" name="locateElement" finished-at="2024-04-13T10:26:27 IST" duration-ms="470" status="PASS">
          <reporter-output>
          </reporter-output>
        </test-method> <!-- locateElement -->
        <test-method signature="doRegister(java.lang.String,java.lang.String,java.lang.String,java.lang.String,java.lang.String)[pri:0, instance:com.qc.testng.test.RegisterTest@3febb011]" started-at="2024-04-13T10:26:27 IST" name="doRegister" data-provider="registerData" finished-at="2024-04-13T10:26:28 IST" duration-ms="853" status="PASS">
          <params>
            <param index="0">
              <value>
                <![CDATA[Mobile is Empty]]>
              </value>
            </param>
            <param index="1">
              <value>
                <![CDATA[queue]]>
              </value>
            </param>
            <param index="2">
              <value>
                <![CDATA[]]>
              </value>
            </param>
            <param index="3">
              <value>
                <![CDATA[queue@gmail.com]]>
              </value>
            </param>
            <param index="4">
              <value>
                <![CDATA[123456]]>
              </value>
            </param>
          </params>
          <reporter-output>
          </reporter-output>
        </test-method> <!-- doRegister -->
        <test-method is-config="true" signature="doAssert()[pri:0, instance:com.qc.testng.test.RegisterTest@3febb011]" started-at="2024-04-13T10:26:28 IST" name="doAssert" finished-at="2024-04-13T10:26:28 IST" duration-ms="34" status="PASS">
          <reporter-output>
          </reporter-output>
        </test-method> <!-- doAssert -->
        <test-method is-config="true" signature="locateElement()[pri:0, instance:com.qc.testng.test.RegisterTest@3febb011]" started-at="2024-04-13T10:26:28 IST" name="locateElement" finished-at="2024-04-13T10:26:28 IST" duration-ms="808" status="PASS">
          <reporter-output>
          </reporter-output>
        </test-method> <!-- locateElement -->
        <test-method signature="doRegister(java.lang.String,java.lang.String,java.lang.String,java.lang.String,java.lang.String)[pri:0, instance:com.qc.testng.test.RegisterTest@3febb011]" started-at="2024-04-13T10:26:28 IST" name="doRegister" data-provider="registerData" finished-at="2024-04-13T10:26:29 IST" duration-ms="996" status="PASS">
          <params>
            <param index="0">
              <value>
                <![CDATA[Email is Empty]]>
              </value>
            </param>
            <param index="1">
              <value>
                <![CDATA[queue]]>
              </value>
            </param>
            <param index="2">
              <value>
                <![CDATA[91454254]]>
              </value>
            </param>
            <param index="3">
              <value>
                <![CDATA[]]>
              </value>
            </param>
            <param index="4">
              <value>
                <![CDATA[123456]]>
              </value>
            </param>
          </params>
          <reporter-output>
          </reporter-output>
        </test-method> <!-- doRegister -->
        <test-method is-config="true" signature="doAssert()[pri:0, instance:com.qc.testng.test.RegisterTest@3febb011]" started-at="2024-04-13T10:26:29 IST" name="doAssert" finished-at="2024-04-13T10:26:30 IST" duration-ms="50" status="PASS">
          <reporter-output>
          </reporter-output>
        </test-method> <!-- doAssert -->
        <test-method is-config="true" signature="locateElement()[pri:0, instance:com.qc.testng.test.RegisterTest@3febb011]" started-at="2024-04-13T10:26:30 IST" name="locateElement" finished-at="2024-04-13T10:26:30 IST" duration-ms="699" status="PASS">
          <reporter-output>
          </reporter-output>
        </test-method> <!-- locateElement -->
        <test-method signature="doRegister(java.lang.String,java.lang.String,java.lang.String,java.lang.String,java.lang.String)[pri:0, instance:com.qc.testng.test.RegisterTest@3febb011]" started-at="2024-04-13T10:26:30 IST" name="doRegister" data-provider="registerData" finished-at="2024-04-13T10:26:31 IST" duration-ms="1049" status="PASS">
          <params>
            <param index="0">
              <value>
                <![CDATA[Password is Empty]]>
              </value>
            </param>
            <param index="1">
              <value>
                <![CDATA[queue]]>
              </value>
            </param>
            <param index="2">
              <value>
                <![CDATA[91454254]]>
              </value>
            </param>
            <param index="3">
              <value>
                <![CDATA[queue@gmail.com]]>
              </value>
            </param>
            <param index="4">
              <value>
                <![CDATA[]]>
              </value>
            </param>
          </params>
          <reporter-output>
          </reporter-output>
        </test-method> <!-- doRegister -->
        <test-method is-config="true" signature="doAssert()[pri:0, instance:com.qc.testng.test.RegisterTest@3febb011]" started-at="2024-04-13T10:26:31 IST" name="doAssert" finished-at="2024-04-13T10:26:31 IST" duration-ms="29" status="PASS">
          <reporter-output>
          </reporter-output>
        </test-method> <!-- doAssert -->
        <test-method is-config="true" signature="locateElement()[pri:0, instance:com.qc.testng.test.RegisterTest@3febb011]" started-at="2024-04-13T10:26:31 IST" name="locateElement" finished-at="2024-04-13T10:26:32 IST" duration-ms="576" status="PASS">
          <reporter-output>
          </reporter-output>
        </test-method> <!-- locateElement -->
        <test-method signature="doRegister(java.lang.String,java.lang.String,java.lang.String,java.lang.String,java.lang.String)[pri:0, instance:com.qc.testng.test.RegisterTest@3febb011]" started-at="2024-04-13T10:26:32 IST" name="doRegister" data-provider="registerData" finished-at="2024-04-13T10:26:33 IST" duration-ms="977" status="PASS">
          <params>
            <param index="0">
              <value>
                <![CDATA[All are valid]]>
              </value>
            </param>
            <param index="1">
              <value>
                <![CDATA[queue]]>
              </value>
            </param>
            <param index="2">
              <value>
                <![CDATA[9145425494]]>
              </value>
            </param>
            <param index="3">
              <value>
                <![CDATA[queue@gmail.com]]>
              </value>
            </param>
            <param index="4">
              <value>
                <![CDATA[123456]]>
              </value>
            </param>
          </params>
          <reporter-output>
          </reporter-output>
        </test-method> <!-- doRegister -->
        <test-method is-config="true" signature="doAssert()[pri:0, instance:com.qc.testng.test.RegisterTest@3febb011]" started-at="2024-04-13T10:26:33 IST" name="doAssert" finished-at="2024-04-13T10:26:33 IST" duration-ms="90" status="PASS">
          <reporter-output>
          </reporter-output>
        </test-method> <!-- doAssert -->
        <test-method is-config="true" signature="tearDowm()[pri:0, instance:com.qc.testng.test.RegisterTest@3febb011]" started-at="2024-04-13T10:26:33 IST" name="tearDowm" finished-at="2024-04-13T10:26:34 IST" duration-ms="482" status="PASS">
          <reporter-output>
          </reporter-output>
        </test-method> <!-- tearDowm -->
      </class> <!-- com.qc.testng.test.RegisterTest -->
    </test> <!-- Default test -->
  </suite> <!-- Default suite -->
</testng-results>
